<?xml version="1.0" encoding="UTF-8"?>
<!-- Generated by org.testng.reporters.JUnitReportReporter -->
<testsuite skipped="0" hostname="DESKTOP-UVOT0L1" name="com.servicenow.ui.testcases.DeleteIncident" tests="1" failures="0" timestamp="2022-09-28T02:46:16 PDT" time="142.155" errors="0">
  <testcase name="runDeleteLead" time="142.155" classname="com.servicenow.ui.testcases.DeleteIncident"/>
  <system-out/>
</testsuite> <!-- com.servicenow.ui.testcases.DeleteIncident -->
