<?xml version="1.0" encoding="UTF-8"?>
<!-- Generated by org.testng.reporters.JUnitReportReporter -->
<testsuite skipped="0" hostname="DESKTOP-UVOT0L1" name="com.servicenow.ui.testcases.CreateIncident" tests="1" failures="0" timestamp="2022-09-28T02:46:15 PDT" time="184.833" errors="0">
  <testcase name="runCreateLead" time="184.833" classname="com.servicenow.ui.testcases.CreateIncident"/>
  <system-out/>
</testsuite> <!-- com.servicenow.ui.testcases.CreateIncident -->
