<?xml version="1.0" encoding="UTF-8"?>
<!-- Generated by org.testng.reporters.JUnitReportReporter -->
<testsuite skipped="0" hostname="DESKTOP-UVOT0L1" name="com.leaftaps.ui.leads.testcases.EditLead" tests="1" failures="0" timestamp="2022-09-30T10:01:50 PDT" time="27.494" errors="0">
  <testcase name="runEditLead" time="27.494" classname="com.leaftaps.ui.leads.testcases.EditLead"/>
  <system-out/>
</testsuite> <!-- com.leaftaps.ui.leads.testcases.EditLead -->
