<?xml version="1.0" encoding="UTF-8"?>
<!-- Generated by org.testng.reporters.JUnitReportReporter -->
<testsuite skipped="0" hostname="DESKTOP-UVOT0L1" name="com.leaftaps.ui.leads.testcases.CreateLead" tests="2" failures="0" timestamp="2022-09-30T10:01:50 PDT" time="51.920" errors="0">
  <testcase name="runCreateLead" time="21.566" classname="com.leaftaps.ui.leads.testcases.CreateLead"/>
  <system-out/>
  <testcase name="runCreateLead" time="30.354" classname="com.leaftaps.ui.leads.testcases.CreateLead"/>
  <system-out/>
</testsuite> <!-- com.leaftaps.ui.leads.testcases.CreateLead -->
