<?xml version="1.0" encoding="UTF-8"?>
<!-- Generated by org.testng.reporters.JUnitReportReporter -->
<testsuite skipped="0" hostname="DESKTOP-UVOT0L1" name="com.leaftaps.ui.leads.testcases.DeleteLead" tests="1" failures="0" timestamp="2022-09-30T10:01:50 PDT" time="23.924" errors="0">
  <testcase name="runDeleteLead" time="23.924" classname="com.leaftaps.ui.leads.testcases.DeleteLead"/>
  <system-out/>
</testsuite> <!-- com.leaftaps.ui.leads.testcases.DeleteLead -->
